===========================================================================================
grey_sloth_plushie
a photo of <1> grey_sloth_plushie
===========================================================================================
candle
a photo of <2> candle
===========================================================================================
wolf_plushie
a photo of <3> wolf_plushie
===========================================================================================
teapot
a photo of <4> teapot
===========================================================================================
poop_emoji
a photo of <5> poop_emoji
===========================================================================================
colorful_sneaker
a photo of <6> colorful_sneaker
===========================================================================================
monster_toy
a photo of <7> monster_toy
===========================================================================================
berry_bowl
a photo of <8> berry_bowl
===========================================================================================
clock
a photo of <9> clock
===========================================================================================
dog8
a photo of <10> dog8
===========================================================================================
red_cartoon
a photo of <11> red_cartoon
===========================================================================================
robot_toy
a photo of <12> robot_toy
===========================================================================================
dog5
a photo of <13> dog5
===========================================================================================
shiny_sneaker
a photo of <14> shiny_sneaker
===========================================================================================
backpack
a photo of <15> backpack
===========================================================================================
dog2
a photo of <16> dog2
===========================================================================================
dog7
a photo of <17> dog7
===========================================================================================
dog6
a photo of <18> dog6
===========================================================================================
bear_plushie
a photo of <19> bear_plushie
===========================================================================================
vase
a photo of <20> vase
===========================================================================================
backpack_dog
a photo of <21> backpack_dog
===========================================================================================
cat2
a photo of <22> cat2
===========================================================================================
duck_toy
a photo of <23> duck_toy
===========================================================================================
pink_sunglasses
a photo of <24> pink_sunglasses
===========================================================================================
dog3
a photo of <25> dog3
===========================================================================================
rc_car
a photo of <26> rc_car
===========================================================================================
cat
a photo of <27> cat
===========================================================================================
dog
a photo of <28> dog
===========================================================================================
fancy_boot
a photo of <29> fancy_boot
===========================================================================================
can
a photo of <30> can
